2024-08-01 04:51:25.428 [info] Extension host with pid 540959 started
2024-08-01 04:51:25.483 [info] ExtensionService#_doActivateExtension vscode.git-base, startup: true, activationEvent: '*', root cause: vscode.git
2024-08-01 04:51:25.488 [info] ExtensionService#_doActivateExtension vscode.git, startup: true, activationEvent: '*'
2024-08-01 04:51:25.513 [info] ExtensionService#_doActivateExtension vscode.github, startup: true, activationEvent: '*'
2024-08-01 04:51:25.610 [info] Eager extensions activated
2024-08-01 04:51:25.648 [info] ExtensionService#_doActivateExtension vscode.debug-auto-launch, startup: false, activationEvent: 'onStartupFinished'
2024-08-01 04:51:25.649 [info] ExtensionService#_doActivateExtension vscode.merge-conflict, startup: false, activationEvent: 'onStartupFinished'
2024-08-01 04:51:42.362 [info] Extension host terminating: renderer closed the MessagePort
2024-08-01 04:51:42.372 [info] Extension host with pid 540959 exiting with code 0
2024-08-01 04:51:43.250 [info] Extension host with pid 541042 started
2024-08-01 04:51:43.250 [info] Skipping acquiring lock for /root/Shivam/NGE-BATCH2/AWS/db/User/workspaceStorage/1e29a5105637f1f98358def2284571f8.
2024-08-01 04:51:43.290 [info] ExtensionService#_doActivateExtension vscode.git-base, startup: true, activationEvent: '*'
2024-08-01 04:51:43.298 [info] ExtensionService#_doActivateExtension vscode.npm, startup: true, activationEvent: 'workspaceContains:package.json'
2024-08-01 04:51:43.312 [info] ExtensionService#_doActivateExtension vscode.github, startup: true, activationEvent: '*'
2024-08-01 04:51:43.428 [info] Eager extensions activated
2024-08-01 04:51:43.432 [info] ExtensionService#_doActivateExtension vscode.debug-auto-launch, startup: false, activationEvent: 'onStartupFinished'
2024-08-01 04:51:43.433 [info] ExtensionService#_doActivateExtension vscode.merge-conflict, startup: false, activationEvent: 'onStartupFinished'
2024-08-01 04:51:46.729 [info] ExtensionService#_doActivateExtension vscode.git, startup: false, activationEvent: 'api', root cause: vscode.github
2024-08-01 04:52:01.639 [info] ExtensionService#_doActivateExtension vscode.typescript-language-features, startup: false, activationEvent: 'onLanguage:typescript'
2024-08-01 04:52:01.671 [info] ExtensionService#_doActivateExtension vscode.emmet, startup: false, activationEvent: 'onLanguage'
2024-08-01 04:52:07.201 [info] ExtensionService#_doActivateExtension vscode.json-language-features, startup: false, activationEvent: 'onLanguage:jsonc'
2024-08-01 04:54:29.660 [info] Extension host terminating: renderer closed the MessagePort
2024-08-01 04:54:29.681 [info] Extension host with pid 541042 exiting with code 0
