2024-07-31 14:44:20.189 [info] Added views:workbench.panel.markers.view in workbench.panel.markers
2024-07-31 14:44:20.189 [info] Added views:workbench.panel.output in workbench.panel.output
2024-07-31 14:44:20.189 [info] Added views:terminal in terminal
2024-07-31 14:44:20.189 [info] Added views:outline in workbench.view.explorer
2024-07-31 14:44:20.189 [info] Added views:workbench.scm in workbench.view.scm
2024-07-31 14:44:20.189 [info] Added views:workbench.view.search in workbench.view.search
2024-07-31 14:44:20.189 [info] Added views:timeline in workbench.view.explorer
2024-07-31 14:44:20.189 [info] Added views:workbench.explorer.emptyView in workbench.view.explorer
2024-07-31 14:44:20.386 [info] Added views:workbench.debug.variablesView,workbench.debug.watchExpressionsView,workbench.debug.callStackView,workbench.debug.breakPointsView in workbench.view.debug
2024-07-31 14:44:20.480 [info] Added views:thunder-client-sidebar in workbench.view.extension.thunder-client
2024-07-31 14:44:20.615 [info] Added views:workbench.panel.repl.view in workbench.panel.repl
2024-07-31 14:44:20.616 [info] Removed views:workbench.debug.breakPointsView,workbench.debug.callStackView,workbench.debug.watchExpressionsView,workbench.debug.variablesView from workbench.view.debug
2024-07-31 14:44:20.617 [info] Added views:workbench.debug.welcome in workbench.view.debug
2024-07-31 14:44:20.641 [info] Added views:~remote.forwardedPorts in ~remote.forwardedPortsContainer
2024-07-31 14:45:45.787 [info] Added views:workbench.panel.markers.view in workbench.panel.markers
2024-07-31 14:45:45.787 [info] Added views:workbench.panel.output in workbench.panel.output
2024-07-31 14:45:45.787 [info] Added views:terminal in terminal
2024-07-31 14:45:45.787 [info] Added views:outline in workbench.view.explorer
2024-07-31 14:45:45.788 [info] Added views:workbench.scm in workbench.view.scm
2024-07-31 14:45:45.788 [info] Added views:workbench.view.search in workbench.view.search
2024-07-31 14:45:45.788 [info] Added views:timeline in workbench.view.explorer
2024-07-31 14:45:45.788 [info] Added views:workbench.explorer.fileView in workbench.view.explorer
2024-07-31 14:45:46.105 [info] Added views:workbench.debug.variablesView,workbench.debug.watchExpressionsView,workbench.debug.callStackView,workbench.debug.breakPointsView in workbench.view.debug
2024-07-31 14:45:46.111 [info] Added views:~remote.forwardedPorts in ~remote.forwardedPortsContainer
2024-07-31 14:45:46.210 [info] Added views:workbench.panel.repl.view in workbench.panel.repl
2024-07-31 14:45:46.211 [info] Removed views:workbench.debug.breakPointsView,workbench.debug.callStackView,workbench.debug.watchExpressionsView,workbench.debug.variablesView from workbench.view.debug
2024-07-31 14:45:46.212 [info] Added views:workbench.debug.welcome in workbench.view.debug
2024-07-31 14:45:47.877 [info] Added views:thunder-client-sidebar in workbench.view.extension.thunder-client
