2024-07-31 13:20:31.306 [info] Added views:workbench.panel.markers.view in workbench.panel.markers
2024-07-31 13:20:31.306 [info] Added views:workbench.panel.output in workbench.panel.output
2024-07-31 13:20:31.306 [info] Added views:terminal in terminal
2024-07-31 13:20:31.306 [info] Added views:outline in workbench.view.explorer
2024-07-31 13:20:31.306 [info] Added views:workbench.scm in workbench.view.scm
2024-07-31 13:20:31.306 [info] Added views:workbench.view.search in workbench.view.search
2024-07-31 13:20:31.306 [info] Added views:timeline in workbench.view.explorer
2024-07-31 13:20:31.306 [info] Added views:workbench.explorer.emptyView in workbench.view.explorer
2024-07-31 13:20:31.530 [info] Added views:workbench.debug.variablesView,workbench.debug.watchExpressionsView,workbench.debug.callStackView,workbench.debug.breakPointsView in workbench.view.debug
2024-07-31 13:20:32.250 [info] Added views:~remote.forwardedPorts in ~remote.forwardedPortsContainer
2024-07-31 13:20:32.325 [info] Added views:workbench.panel.repl.view in workbench.panel.repl
2024-07-31 13:20:32.327 [info] Removed views:workbench.debug.breakPointsView,workbench.debug.callStackView,workbench.debug.watchExpressionsView,workbench.debug.variablesView from workbench.view.debug
2024-07-31 13:20:32.327 [info] Added views:workbench.debug.welcome in workbench.view.debug
2024-07-31 13:21:02.310 [info] Added views:workbench.panel.markers.view in workbench.panel.markers
2024-07-31 13:21:02.310 [info] Added views:workbench.panel.output in workbench.panel.output
2024-07-31 13:21:02.310 [info] Added views:terminal in terminal
2024-07-31 13:21:02.310 [info] Added views:outline in workbench.view.explorer
2024-07-31 13:21:02.310 [info] Added views:workbench.scm in workbench.view.scm
2024-07-31 13:21:02.310 [info] Added views:workbench.view.search in workbench.view.search
2024-07-31 13:21:02.310 [info] Added views:timeline in workbench.view.explorer
2024-07-31 13:21:02.310 [info] Added views:workbench.explorer.fileView in workbench.view.explorer
2024-07-31 13:21:02.645 [info] Added views:workbench.debug.variablesView,workbench.debug.watchExpressionsView,workbench.debug.callStackView,workbench.debug.breakPointsView in workbench.view.debug
2024-07-31 13:21:02.736 [info] Added views:workbench.panel.repl.view in workbench.panel.repl
2024-07-31 13:21:02.739 [info] Removed views:workbench.debug.breakPointsView,workbench.debug.callStackView,workbench.debug.watchExpressionsView,workbench.debug.variablesView from workbench.view.debug
2024-07-31 13:21:02.739 [info] Added views:workbench.debug.welcome in workbench.view.debug
2024-07-31 13:21:02.788 [info] Added views:~remote.forwardedPorts in ~remote.forwardedPortsContainer
2024-07-31 14:32:20.559 [info] Added views:workbench.views.extensions.installed,workbench.views.extensions.popular,extensions.recommendedList in workbench.view.extensions
2024-07-31 14:32:20.562 [info] Removed views:workbench.views.extensions.popular from workbench.view.extensions
2024-07-31 14:32:21.057 [info] Added views:workbench.views.extensions.popular in workbench.view.extensions
2024-07-31 14:32:23.546 [info] Removed views:extensions.recommendedList,workbench.views.extensions.popular,workbench.views.extensions.installed from workbench.view.extensions
2024-07-31 14:32:23.553 [info] Added views:workbench.views.extensions.marketplace in workbench.view.extensions
2024-07-31 14:32:40.435 [info] Added views:thunder-client-sidebar in workbench.view.extension.thunder-client
